* 466b0a9  |  Fri 29 Dec 2017	 (HEAD -> master, origin/master, origin/HEAD) |  Time
* 5113d15  |  Fri 29 Dec 2017	 |  Mobile Testing
* f1e2440  |  Fri 29 Dec 2017	 |  Update
* d560bd3  |  Fri 29 Dec 2017	 |  LangChange
* cdfa23c  |  Fri 29 Dec 2017	 |  LangChange
* 005f54a  |  Fri 29 Dec 2017	 |  Language Change
* 47411be  |  Fri 29 Dec 2017	 |  Japanese youtube page
* 1445deb  |  Fri 29 Dec 2017	 |  Final Coding
* 96b2a48  |  Fri 29 Dec 2017	 |  Lan Change
* 7959fec  |  Fri 29 Dec 2017	 |  Included Lan Feature
* 6486612  |  Fri 29 Dec 2017	 |  HTML 5 symantic elements
* 1d4c9dc  |  Fri 29 Dec 2017	 |  WireFrame & UML Diagrams
* d36a7e9  |  Fri 29 Dec 2017	 |  Beautiful Code
* 4966d16  |  Fri 29 Dec 2017	 |  Code Beautify Html
* 7e8da05  |  Fri 29 Dec 2017	 |  Code Beautify
* d0645b6  |  Fri 29 Dec 2017	 |  W3C CSS Validator
* 3239f61  |  Fri 29 Dec 2017	 |  Validator
* 5602498  |  Fri 29 Dec 2017	 |  Nu Html Checker
* 591c79d  |  Fri 29 Dec 2017	 |  Nu Html Checker
* 277c5d6  |  Fri 29 Dec 2017	 |  Final Touch
* 0be0189  |  Thu 28 Dec 2017	 |  mp4
* 2f9a99c  |  Thu 28 Dec 2017	 |  Documents
* 14d6a7c  |  Thu 28 Dec 2017	 |  Added To Readme.md
* 8255343  |  Thu 28 Dec 2017	 |  Bottom to Top Scroll
* 5cc9920  |  Thu 28 Dec 2017	 |  Finally (Banner Mute)
* 1363d40  |  Thu 28 Dec 2017	 |  Banner Mute Feature
* 362d678  |  Thu 28 Dec 2017	 |  Scroll to top
* 0316284  |  Thu 28 Dec 2017	 |  More Images
* 7e9eeac  |  Thu 28 Dec 2017	 |  Anime Content
* 89e44d5  |  Thu 28 Dec 2017	 |  Cleaning UP
* 12f3f30  |  Wed 27 Dec 2017	 |  Fixed background
* 9cccc43  |  Wed 27 Dec 2017	 |  Fixing CSS
* 90c5ca5  |  Wed 27 Dec 2017	 |  Banner
* 4ababee  |  Wed 27 Dec 2017	 |  Banner Video
* c52d6bb  |  Wed 27 Dec 2017	 |  Final Implementations
* 8a0081a  |  Wed 27 Dec 2017	 |  Styling Youtube Page
* 9fc745b  |  Wed 27 Dec 2017	 |  Arrow
* 0033236  |  Wed 27 Dec 2017	 |  Styling
* 42fcbec  |  Wed 27 Dec 2017	 |  CSS File
* 944faaf  |  Wed 27 Dec 2017	 |  Youtube Page
* 25ce390  |  Wed 27 Dec 2017	 |  Youtube Page
* 865ed05  |  Tue 26 Dec 2017	 |  Updated Readme
* 5d8b2a8  |  Tue 26 Dec 2017	 |  Hamburger Menu
* f903a6f  |  Tue 26 Dec 2017	 |  Updated Api
* 669e85a  |  Tue 26 Dec 2017	 |  Read Me File
* 2a4d2fa  |  Tue 26 Dec 2017	 |  Fixing Up (Beautiful Coding?)
* 7d80c18  |  Tue 26 Dec 2017	 |  Googlemap
* fa7ce87  |  Tue 26 Dec 2017	 |  Fix Some Responsivness
* c8d25b0  |  Tue 26 Dec 2017	 |  Removed Js from HTML
* 76edacc  |  Tue 26 Dec 2017	 |  Responsive
* 338959e  |  Mon 25 Dec 2017	 |  Finish for The Night
* 76c1206  |  Mon 25 Dec 2017	 |  Increasing
* 7f36b10  |  Sun 24 Dec 2017	 |  Implimentation
* fdefc2e  |  Sun 24 Dec 2017	 |  Removing
* 99d46b5  |  Sun 24 Dec 2017	 |  trying to fix problem
* 79c8d2c  |  Sun 24 Dec 2017	 |  about2
* e4b5cd0  |  Sun 24 Dec 2017	 |  dummy
* a58361c  |  Sun 24 Dec 2017	 |  changed name
* e48aaa9  |  Sun 24 Dec 2017	 |  about page
* 781df62  |  Sun 24 Dec 2017	 |  Github Error
* 67978c8  |  Sun 24 Dec 2017	 |  Implementing
* 04ebbda  |  Sun 24 Dec 2017	 |  Responsive
* 8378fa0  |  Sun 24 Dec 2017	 |  Javascript & Html
* 8760fe4  |  Sun 24 Dec 2017	 |  Beaten By the Onlick
* 08d1075  |  Sat 23 Dec 2017	 |  Removing Code
* bcdc775  |  Sat 23 Dec 2017	 |  Organizing
* 06411e8  |  Sat 23 Dec 2017	 |  Implimented
* 40ffed4  |  Fri 22 Dec 2017	 |  Problems (Restructuring)
* 46a36d8  |  Thu 21 Dec 2017	 |  Problems
* ba7f874  |  Thu 21 Dec 2017	 |  Filtering Page
* 5fea92c  |  Wed 20 Dec 2017	 |  Css AnimePage
* 690019d  |  Wed 20 Dec 2017	 |  CSS Implimentation
* 1adfb19  |  Wed 20 Dec 2017	 |  CSS Creation
* 96d9774  |  Wed 20 Dec 2017	 |  Creating My Own CSS
* 3a346b8  |  Tue 19 Dec 2017	 |  Referencing
* 21cb915  |  Tue 19 Dec 2017	 |  Implimenting Filtering
* 74b9603  |  Tue 19 Dec 2017	 |  Filtering
* 06e8f25  |  Mon 18 Dec 2017	 |  Implimentation
* e97924a  |  Mon 18 Dec 2017	 |  Removed JS Links
* 7c8a8e0  |  Mon 18 Dec 2017	 |  Image Change
* 6145519  |  Mon 18 Dec 2017	 |  Organization
* 2208c26  |  Mon 18 Dec 2017	 |  Cleaning Up css
* a03ae2c  |  Mon 18 Dec 2017	 |  Harvard Referencing
* c9d2761  |  Mon 18 Dec 2017	 |  Updating CSS (HR - 1)
* 6395d0a  |  Mon 18 Dec 2017	 |  Removing Logo
* dc14e6c  |  Mon 18 Dec 2017	 |  Cleaning Up
* 1a8ebfe  |  Mon 18 Dec 2017	 |  Removed Script
* 84b8909  |  Mon 18 Dec 2017	 |  Cleaning Up
* 36b828f  |  Fri 15 Dec 2017	 |  Started Again (Somewhat Fresh Start)
* 34eebd4  |  Sat 02 Dec 2017	 |  Many Changes
* bb1896a  |  Sat 02 Dec 2017	 |  Updated
* a022ab3  |  Sat 02 Dec 2017	 |  Chanded ID
* b085c66  |  Sat 02 Dec 2017	 |  Nav.js
* 451964b  |  Sat 02 Dec 2017	 |  Deleted File
* 0cef450  |  Sat 02 Dec 2017	 |  navbar
* 3df46dc  |  Sat 02 Dec 2017	 |  Included Pages
* 672670e  |  Sat 02 Dec 2017	 |  Added to Readme
* 1f73cc2  |  Sat 02 Dec 2017	 |  Revert to Original
* 68da761  |  Sat 02 Dec 2017	 |  Trying to Change Nav
* 9d4dd08  |  Sat 02 Dec 2017	 |  Included Files
* bf1f3a9  |  Sat 02 Dec 2017	 |  Open & Closed Nav
* a7ac929  |  Sat 02 Dec 2017	 |  Included Font Awesome
* 9138aec  |  Sat 02 Dec 2017	 |  Changed Coding
* 4fff83a  |  Sat 02 Dec 2017	 |  Assests
* 60d37d2  |  Sat 02 Dec 2017	 |  Removed Nav
* 3b70b53  |  Sat 02 Dec 2017	 |  Change (Organizationation)
* d2fd6be  |  Fri 01 Dec 2017	 |  Removed Style From HTML
* 4ccad5d  |  Fri 01 Dec 2017	 |  Removed nav
* 8ef870e  |  Fri 01 Dec 2017	 |  Documentation
* 9249b81  |  Fri 01 Dec 2017	 |  Changed Js And Final got it working
* 26fe3d9  |  Fri 01 Dec 2017	 |  Nav
* 43c0d9c  |  Mon 27 Nov 2017	 |  Fixing Errors
* 5be316b  |  Mon 27 Nov 2017	 |  Fixed Coding
* 5bd6158  |  Mon 27 Nov 2017	 |  New Images
* c7b8de0  |  Mon 27 Nov 2017	 |  Columns
* de77627  |  Mon 27 Nov 2017	 |  Styling
* 355cf01  |  Mon 27 Nov 2017	 |  Filtering List
* c4319f8  |  Mon 27 Nov 2017	 |  Anime Page
* 8065b0f  |  Mon 27 Nov 2017	 |  Images
* 215806a  |  Mon 27 Nov 2017	 |  included Img
* eb3821c  |  Mon 27 Nov 2017	 |  Image Grid
* 5e1c6c8  |  Mon 27 Nov 2017	 |  Borders
* 96bf8c0  |  Mon 27 Nov 2017	 |  Changes
* f752d20  |  Mon 27 Nov 2017	 |  Changed and Implementations
* 475efcc  |  Mon 27 Nov 2017	 |  Signup
* 0d0b63b  |  Mon 27 Nov 2017	 |  SlideFeature
* 53f1fb6  |  Mon 27 Nov 2017	 |  JS
* 7c512cf  |  Mon 27 Nov 2017	 |  Css
* 21e792c  |  Mon 27 Nov 2017	 |  Js & css
* 713c1b1  |  Sun 26 Nov 2017	 |  Images Added
* 6560531  |  Sun 26 Nov 2017	 |  Slide Show Code
* f2e39c6  |  Sun 26 Nov 2017	 |  Javascript
* 57aa0b8  |  Sun 26 Nov 2017	 |  Included Slideshow
* e8f2876  |  Sun 26 Nov 2017	 |  Nav-Bar
* 34fb8fb  |  Sun 26 Nov 2017	 |  Header & Containers
* d3ecb9f  |  Sun 26 Nov 2017	 |  Search Engine Optimization
* 7c2965d  |  Sun 26 Nov 2017	 |  Fixing Error
* 0cdfe4a  |  Sun 26 Nov 2017	 |  Updating Search Engine Optimization SEO
* 966bdcf  |  Sun 26 Nov 2017	 |  The Building Process Begins
* d73e76e  |  Sat 25 Nov 2017	 |  HTML 5
* f451f22  |  Sat 25 Nov 2017	 |  Files
* 6b4d449  |  Sat 25 Nov 2017	 |  Initial commit