* ae5de55  |  Fri 29 Dec 2017	 (HEAD -> master, origin/master, origin/HEAD) |  Final
* 0fe2b2d  |  Fri 29 Dec 2017	 |  refences
* b650a91  |  Fri 29 Dec 2017	 |  refences
* 076b92c  |  Fri 29 Dec 2017	 |  redo
* 8aa0dad  |  Fri 29 Dec 2017	 |  readme
* b608d09  |  Fri 29 Dec 2017	 |  insp
* 2d978e5  |  Fri 29 Dec 2017	 |  Readme1
* 045ecd8  |  Fri 29 Dec 2017	 |  Readme1
* a93670a  |  Fri 29 Dec 2017	 |  remade
* 39cecc3  |  Thu 28 Dec 2017	 |  10
* 406fb49  |  Thu 28 Dec 2017	 |  added extra css style
* cf5e480  |  Thu 28 Dec 2017	 |  added extra page
* cdb7bab  |  Wed 27 Dec 2017	 |  Update fixed bar
* 6974219  |  Wed 27 Dec 2017	 |  Update 6
* eb94aef  |  Wed 27 Dec 2017	 |  Update 6
* 183f722  |  Wed 27 Dec 2017	 |  Update 3
* 6b0ab8d  |  Wed 27 Dec 2017	 |  Update 1
* f359db6  |  Wed 27 Dec 2017	 |  work on index
* 91cbd03  |  Wed 27 Dec 2017	 |  added css file
* 582f368  |  Wed 27 Dec 2017	 |  1