* 4882573  |  Fri 29 Dec 2017	 (HEAD -> master, origin/master, origin/HEAD) |  Update README.md
* cc742e6  |  Thu 28 Dec 2017	 |  Update README.md
* 3889b5e  |  Thu 28 Dec 2017	 |  Update README.md
* 56ff842  |  Thu 28 Dec 2017	 |  Update README.md
*   891bced  |  Thu 28 Dec 2017	 |  Merge branch 'master' of https://github.com/USER/REPO
|\  
* | 2725c0c  |  Thu 28 Dec 2017	 |  made
| * 77c8027  |  Thu 28 Dec 2017	 |  Update README.md
|/  
* 8c92093  |  Thu 28 Dec 2017	 |  add img
* 1a4a6ea  |  Thu 28 Dec 2017	 |  added img
* 7cd369c  |  Thu 28 Dec 2017	 |  Update README.md
* 47aa600  |  Thu 28 Dec 2017	 |  ADDED CHANGES
* 5e5c197  |  Thu 28 Dec 2017	 |  made few changes
* 65505b6  |  Thu 28 Dec 2017	 |  some channes
* d58a1fa  |  Thu 28 Dec 2017	 |  changes
* b2aaad9  |  Thu 28 Dec 2017	 |  CHANGED NAME
* 88c611a  |  Thu 28 Dec 2017	 |  testing code
* fa695e0  |  Wed 13 Dec 2017	 |  added java for top up button
* 53132d2  |  Wed 13 Dec 2017	 |  added all the pages for the website
* bab4907  |  Wed 06 Dec 2017	 |  NEW CODE ADDED
* 89b4b1f  |  Fri 01 Dec 2017	 |  added navigation
* cf64475  |  Thu 16 Nov 2017	 |   added blank files
* 7c18066  |  Thu 16 Nov 2017	 |  chnage readme
* 6ec477f  |  Thu 16 Nov 2017	 |  added index
* 6c67337  |  Wed 18 Oct 2017	 |  Create README.md