* a8ddc06  |  Fri 29 Dec 2017	 (HEAD -> master, origin/master, origin/HEAD) |  Update README.md
* 125a053  |  Fri 29 Dec 2017	 |  Update README.md
* 520eca2  |  Fri 29 Dec 2017	 |  Update README.md
* 77eaaf6  |  Fri 29 Dec 2017	 |  commit number 31
* eda4657  |  Fri 29 Dec 2017	 |  commit number 31
*   dc1f3ab  |  Fri 29 Dec 2017	 |  Merge branch 'master' of https://github.com/USER/REPO
|\  
* | a0ac65e  |  Fri 29 Dec 2017	 |  commit number 30
| * 2b2ec95  |  Fri 29 Dec 2017	 |  Update README.md
| * de812f2  |  Fri 29 Dec 2017	 |  Update README.md
| * cbe581c  |  Fri 29 Dec 2017	 |  Create README.md
|/  
* 6d25648  |  Thu 28 Dec 2017	 |  commit number 29
* 7da7063  |  Thu 28 Dec 2017	 |  commit number 29
* 43b0441  |  Thu 28 Dec 2017	 |  commit number 28
* 90c4d34  |  Thu 28 Dec 2017	 |  commit number 28
* a33b3b9  |  Thu 28 Dec 2017	 |  commit number 27
* 914e522  |  Thu 28 Dec 2017	 |  commit number 25
* 0fabb79  |  Wed 27 Dec 2017	 |  commit number 24
* ab9e1fd  |  Thu 14 Dec 2017	 |  commit number 22
* ca3f5a6  |  Thu 14 Dec 2017	 |  commit number 21
* 87ddb17  |  Thu 14 Dec 2017	 |  commit number 20
* 3a61111  |  Wed 13 Dec 2017	 |  commit number 19
* 1095555  |  Wed 13 Dec 2017	 |  commit number 18
* f5c4e22  |  Tue 12 Dec 2017	 |  commit number 17
* 2d1b63c  |  Tue 12 Dec 2017	 |  commit number 16
* dddb820  |  Tue 12 Dec 2017	 |  commit number 15
* c76e7c1  |  Fri 08 Dec 2017	 |  commit number 14
* 17b15c8  |  Fri 08 Dec 2017	 |  commit number 13
* e52f7a6  |  Wed 06 Dec 2017	 |  commit number 12
* ef2b6d6  |  Wed 06 Dec 2017	 |  commit number 12
* 3f0a1dc  |  Tue 05 Dec 2017	 |  commit number 11
* bbd0faa  |  Fri 01 Dec 2017	 |  commit number 10
* c210abf  |  Fri 01 Dec 2017	 |  commit number 9
* 2f8af99  |  Fri 01 Dec 2017	 |  commit number 8
* e856225  |  Thu 30 Nov 2017	 |  commit number 7
* b1ec048  |  Tue 28 Nov 2017	 |  commit number 6
* 2dbe5b0  |  Sat 25 Nov 2017	 |  commit number 5
* 2bc35cb  |  Fri 24 Nov 2017	 |  commit number 4
* fe03d24  |  Thu 23 Nov 2017	 |  commit 3
* 288d96d  |  Thu 23 Nov 2017	 |  commit number 3
* 671015a  |  Tue 21 Nov 2017	 |  created landing page